2024-05-10 15:51:50,707 :INFO : test_FirstExample :Se llegó a la home page
2024-05-13 15:54:41,132 :INFO : test_LoginShopEcommerce :Se está por loguear en la página
2024-05-13 15:55:35,918 :INFO : test_LoginShopEcommerce :Se está por loguear en la página
2024-05-13 16:03:10,789 :INFO : test_LoginShopEcommerce :Se está por loguear en la página
2024-05-13 16:10:16,267 :INFO : test_LoginShopEcommerce :Se está por loguear en la página
2024-05-13 16:15:30,735 :INFO : test_LoginShopEcommerce :Se está por loguear en la página
2024-05-13 16:16:01,098 :INFO : test_LoginShopEcommerce :Se está por loguear en la página
2024-05-13 16:16:57,141 :INFO : test_LoginShopEcommerce :Se está por loguear en la página
2024-05-13 16:17:20,193 :INFO : test_LoginShopEcommerce :Se está por loguear en la página
2024-05-13 16:20:29,877 :INFO : test_LoginShopEcommerce :Se está por loguear en la página
2024-05-15 15:47:54,894 :INFO : test_Procced_Checkout :Se está por loguear en la página
2024-05-15 15:51:48,480 :INFO : test_Procced_Checkout :Se está por loguear en la página
2024-05-15 15:52:48,097 :INFO : test_Procced_Checkout :Se está por loguear en la página
2024-05-15 15:54:38,014 :INFO : test_Procced_Checkout :Se está por loguear en la página
2024-05-15 16:03:11,564 :INFO : test_Procced_Checkout :Se está por loguear en la página
2024-05-15 16:05:35,584 :INFO : test_LoginShopEcommerce :Se está por loguear en la página
2024-05-15 16:10:39,353 :INFO : test_Procced_Checkout :Se está por loguear en la página
2024-05-15 16:13:09,702 :INFO : test_Procced_Checkout :Se está por loguear en la página
2024-05-15 16:15:44,713 :INFO : test_Procced_Checkout :Se está por loguear en la página
2024-05-15 16:16:15,202 :INFO : test_Procced_Checkout :Se está por loguear en la página
2024-05-16 10:59:27,917 :INFO : test_AddProductAndRemoveIt :Se está por loguear en la página
2024-05-16 11:11:08,523 :INFO : test_AddProductAndRemoveIt :Se está por loguear en la página
2024-05-16 11:11:44,307 :INFO : test_AddProductAndRemoveIt :Se está por loguear en la página
2024-05-16 11:25:20,073 :INFO : test_AddProductAndRemoveIt :Se está por loguear en la página
2024-05-16 11:26:02,324 :INFO : test_AddProductAndRemoveIt :Se está por loguear en la página
2024-05-16 11:26:51,331 :INFO : test_AddProductAndRemoveIt :Se está por loguear en la página
2024-05-16 11:27:18,898 :INFO : test_AddProductAndRemoveIt :Se está por loguear en la página
2024-05-16 11:37:47,359 :INFO : test_AddProductAndRemoveIt :Se está por loguear en la página
2024-05-16 11:38:24,936 :INFO : test_AddProductAndRemoveIt :Se está por loguear en la página
2024-05-16 11:40:01,460 :INFO : test_AddProductAndRemoveIt :Se está por loguear en la página
2024-05-16 11:42:31,654 :INFO : test_AddProductAndRemoveIt :Se está por loguear en la página
2024-05-17 13:48:27,491 :INFO : test_AddProductAndRemoveIt :Se está por loguear en la página
2024-05-17 13:49:26,180 :INFO : test_AddProductAndRemoveIt :Se está por loguear en la página
2024-05-17 14:03:56,750 :INFO : test_FormsLogin :Se está por loguear en la página
2024-05-17 14:05:32,356 :INFO : test_FormsLogin :Se está por loguear en la página
2024-05-17 14:09:13,927 :INFO : test_FormsLogin :Se está por loguear en la página
2024-05-17 14:14:21,230 :INFO : test_FormsLogin :Se está por loguear en la página
2024-05-17 14:15:15,147 :INFO : test_FormsLogin :Se está por loguear en la página
2024-05-17 14:16:22,879 :INFO : test_FormsLogin :Se está por loguear en la página
2024-05-17 14:16:49,304 :INFO : test_FormsLogin :Se está por loguear en la página
2024-05-17 14:17:32,934 :INFO : test_FormsLogin :Se está por loguear en la página
2024-05-17 14:18:09,943 :INFO : test_FormsLogin :Se está por loguear en la página
2024-05-21 10:08:58,222 :INFO : test_FormsRegister :Se está por loguear en la página
2024-05-21 10:09:50,764 :INFO : test_FormsRegister :Se está por loguear en la página
2024-05-21 10:11:38,506 :INFO : test_FormsRegister :Se está por loguear en la página
2024-05-21 10:16:51,509 :INFO : test_FormsRegister :Se está por loguear en la página
2024-05-22 13:01:50,720 :INFO : test_FormsRecover :Se está por loguear en la página
2024-05-22 13:02:12,476 :INFO : test_FormsRecover :Se está por loguear en la página
2024-05-22 13:56:13,056 :INFO : test_FormsRecover :Se está por loguear en la página
2024-05-22 14:06:25,988 :INFO : test_FormsRecover :Se está por loguear en la página
2024-05-22 14:08:37,620 :INFO : test_FormsRecover :Se está por loguear en la página
2024-05-22 14:09:21,052 :INFO : test_FormsRecover :Se está por loguear en la página
2024-05-22 14:10:55,021 :INFO : test_FormsRecover :Se está por loguear en la página
2024-05-22 14:13:30,901 :INFO : test_FormsRecover :Se está por loguear en la página
2024-05-22 14:14:39,037 :INFO : test_FormsRecover :Se está por loguear en la página
2024-05-22 14:16:35,353 :INFO : test_FormsRecover :Se está por loguear en la página
2024-05-22 14:18:16,715 :INFO : test_FormsRecover :Se está por loguear en la página
2024-05-22 14:27:20,986 :INFO : test_FormsRecover :Se está por loguear en la página
2024-05-22 14:29:38,293 :INFO : test_FormsRecover :Se está por loguear en la página
2024-05-22 14:31:00,927 :INFO : test_FormsRecover :Se está por loguear en la página
